<?xml version="1.0" encoding="UTF-8"?>
<!-- Generated by org.testng.reporters.JUnitReportReporter -->
<testsuite hostname="sonal" failures="0" tests="7" name="com.reqres.testCases.TC01_Get_User" time="1.345" errors="0" timestamp="15 Oct 2022 18:15:00 GMT" skipped="0">
  <testcase classname="com.reqres.testCases.TC01_Get_User" name="checkContentEncoding" time="0.887"/>
  <testcase classname="com.reqres.testCases.TC01_Get_User" name="checkContentType" time="0.098"/>
  <testcase classname="com.reqres.testCases.TC01_Get_User" name="checkResponseBody" time="0.166"/>
  <testcase classname="com.reqres.testCases.TC01_Get_User" name="checkServer" time="0.031"/>
  <testcase classname="com.reqres.testCases.TC01_Get_User" name="checkStatusLine" time="0.076"/>
  <testcase classname="com.reqres.testCases.TC01_Get_User" name="checkResponseTime" time="0.032"/>
  <testcase classname="com.reqres.testCases.TC01_Get_User" name="checkStatusCode" time="0.055"/>
</testsuite> <!-- com.reqres.testCases.TC01_Get_User -->
