<?xml version="1.0" encoding="UTF-8"?>
<!-- Generated by org.testng.reporters.JUnitReportReporter -->
<testsuite hostname="sonal" failures="0" tests="7" name="com.reqres.testCases.TC02_Get_Single_User" time="0.687" errors="0" timestamp="15 Oct 2022 18:15:00 GMT" skipped="0">
  <testcase classname="com.reqres.testCases.TC02_Get_Single_User" name="checkResponseTime" time="0.097"/>
  <testcase classname="com.reqres.testCases.TC02_Get_Single_User" name="checkContentEncoding" time="0.092"/>
  <testcase classname="com.reqres.testCases.TC02_Get_Single_User" name="checkServer" time="0.092"/>
  <testcase classname="com.reqres.testCases.TC02_Get_Single_User" name="checkResponseBody" time="0.104"/>
  <testcase classname="com.reqres.testCases.TC02_Get_Single_User" name="checkContentType" time="0.089"/>
  <testcase classname="com.reqres.testCases.TC02_Get_Single_User" name="checkStatusCode" time="0.097"/>
  <testcase classname="com.reqres.testCases.TC02_Get_Single_User" name="checkStatusLine" time="0.116"/>
</testsuite> <!-- com.reqres.testCases.TC02_Get_Single_User -->
