<?xml version="1.0" encoding="UTF-8"?>
<!-- Generated by org.testng.reporters.JUnitReportReporter -->
<testsuite hostname="sonal" failures="0" tests="6" name="com.reqres.testCases.TC04_Update_User_Record" time="0.502" errors="0" timestamp="15 Oct 2022 18:14:32 GMT" skipped="0">
  <testcase classname="com.reqres.testCases.TC04_Update_User_Record" name="checkResponseTime" time="0.102"/>
  <testcase classname="com.reqres.testCases.TC04_Update_User_Record" name="checkStatusLine" time="0.081"/>
  <testcase classname="com.reqres.testCases.TC04_Update_User_Record" name="checkContentType" time="0.121"/>
  <testcase classname="com.reqres.testCases.TC04_Update_User_Record" name="checkResponseBody" time="0.068"/>
  <testcase classname="com.reqres.testCases.TC04_Update_User_Record" name="checkServer" time="0.072"/>
  <testcase classname="com.reqres.testCases.TC04_Update_User_Record" name="checkStatusCode" time="0.058"/>
</testsuite> <!-- com.reqres.testCases.TC04_Update_User_Record -->
