<?xml version="1.0" encoding="UTF-8"?>
<!-- Generated by org.testng.reporters.JUnitReportReporter -->
<testsuite hostname="sonal" failures="0" tests="6" name="com.reqres.testCases.TC04_Update_User_Record" time="0.522" errors="0" timestamp="15 Oct 2022 18:25:14 GMT" skipped="0">
  <testcase classname="com.reqres.testCases.TC04_Update_User_Record" name="checkContentType" time="0.115"/>
  <testcase classname="com.reqres.testCases.TC04_Update_User_Record" name="checkResponseBody" time="0.056"/>
  <testcase classname="com.reqres.testCases.TC04_Update_User_Record" name="checkStatusLine" time="0.101"/>
  <testcase classname="com.reqres.testCases.TC04_Update_User_Record" name="checkStatusCode" time="0.075"/>
  <testcase classname="com.reqres.testCases.TC04_Update_User_Record" name="checkServer" time="0.109"/>
  <testcase classname="com.reqres.testCases.TC04_Update_User_Record" name="checkResponseTime" time="0.066"/>
</testsuite> <!-- com.reqres.testCases.TC04_Update_User_Record -->
