<?xml version="1.0" encoding="UTF-8"?>
<!-- Generated by org.testng.reporters.JUnitReportReporter -->
<testsuite hostname="sonal" failures="0" tests="7" name="com.reqres.testCases.TC01_Get_User" time="2.662" errors="0" timestamp="15 Oct 2022 18:25:14 GMT" skipped="0">
  <testcase classname="com.reqres.testCases.TC01_Get_User" name="checkResponseTime" time="0.078"/>
  <testcase classname="com.reqres.testCases.TC01_Get_User" name="checkServer" time="0.077"/>
  <testcase classname="com.reqres.testCases.TC01_Get_User" name="checkContentType" time="0.139"/>
  <testcase classname="com.reqres.testCases.TC01_Get_User" name="checkContentEncoding" time="1.730"/>
  <testcase classname="com.reqres.testCases.TC01_Get_User" name="checkStatusCode" time="0.068"/>
  <testcase classname="com.reqres.testCases.TC01_Get_User" name="checkStatusLine" time="0.098"/>
  <testcase classname="com.reqres.testCases.TC01_Get_User" name="checkResponseBody" time="0.472"/>
</testsuite> <!-- com.reqres.testCases.TC01_Get_User -->
