<?xml version="1.0" encoding="UTF-8"?>
<!-- Generated by org.testng.reporters.JUnitReportReporter -->
<testsuite hostname="sonal" failures="0" tests="6" name="com.reqres.testCases.TC03_Create_User" time="0.550" errors="0" timestamp="15 Oct 2022 18:25:14 GMT" skipped="0">
  <testcase classname="com.reqres.testCases.TC03_Create_User" name="checkStatusLine" time="0.170"/>
  <testcase classname="com.reqres.testCases.TC03_Create_User" name="checkResponseTime" time="0.073"/>
  <testcase classname="com.reqres.testCases.TC03_Create_User" name="checkStatusCode" time="0.096"/>
  <testcase classname="com.reqres.testCases.TC03_Create_User" name="checkServer" time="0.065"/>
  <testcase classname="com.reqres.testCases.TC03_Create_User" name="checkResponseBody" time="0.086"/>
  <testcase classname="com.reqres.testCases.TC03_Create_User" name="checkContentType" time="0.060"/>
</testsuite> <!-- com.reqres.testCases.TC03_Create_User -->
