<?xml version="1.0" encoding="UTF-8"?>
<!-- Generated by org.testng.reporters.JUnitReportReporter -->
<testsuite hostname="sonal" failures="0" tests="5" name="com.reqres.testCases.TC05_Delete_User_Record" time="0.386" errors="0" timestamp="15 Oct 2022 18:25:14 GMT" skipped="0">
  <testcase classname="com.reqres.testCases.TC05_Delete_User_Record" name="checkResponseTime" time="0.060"/>
  <testcase classname="com.reqres.testCases.TC05_Delete_User_Record" name="checkStatusLine" time="0.118"/>
  <testcase classname="com.reqres.testCases.TC05_Delete_User_Record" name="checkServer" time="0.049"/>
  <testcase classname="com.reqres.testCases.TC05_Delete_User_Record" name="checkStatusCode" time="0.070"/>
  <testcase classname="com.reqres.testCases.TC05_Delete_User_Record" name="checkResponseBody" time="0.089"/>
</testsuite> <!-- com.reqres.testCases.TC05_Delete_User_Record -->
